[0m13:53:16.752371 [debug] [MainThread]: Sending event: {'category': 'dbt', 'action': 'invocation', 'label': 'start', 'context': [<snowplow_tracker.self_describing_json.SelfDescribingJson object at 0x105defc70>, <snowplow_tracker.self_describing_json.SelfDescribingJson object at 0x107ed54b0>, <snowplow_tracker.self_describing_json.SelfDescribingJson object at 0x107ed55a0>]}


============================== 13:53:16.754426 | 2d3b7a80-cd25-4b97-8018-77cecb34c2fc ==============================
[0m13:53:16.754426 [info ] [MainThread]: Running with dbt=1.11.0-rc1
[0m13:53:16.754667 [debug] [MainThread]: running dbt with arguments {'partial_parse': 'True', 'no_print': 'None', 'static_parser': 'True', 'log_path': 'logs', 'write_json': 'True', 'warn_error_options': 'WarnErrorOptionsV2(error=[], warn=[], silence=[])', 'send_anonymous_usage_stats': 'True', 'cache_selected_only': 'False', 'invocation_command': 'dbt init', 'log_cache_events': 'False', 'use_colors': 'True', 'quiet': 'False', 'printer_width': '80', 'use_experimental_parser': 'False', 'introspect': 'True', 'version_check': 'True', 'log_format': 'default', 'empty': 'None', 'indirect_selection': 'eager', 'fail_fast': 'False', 'debug': 'False', 'profiles_dir': '/Users/admin/.dbt', 'warn_error': 'None', 'target_path': 'None'}
[0m13:53:20.979967 [debug] [MainThread]: Starter project path: /opt/anaconda3/envs/snowflake-platform/lib/python3.10/site-packages/dbt/include/starter_project
[0m13:53:20.990204 [info ] [MainThread]: 
Your new dbt project "warehouse" was created!

For more information on how to configure the profiles.yml file,
please consult the dbt documentation here:

  https://docs.getdbt.com/docs/configure-your-profile

One more thing:

Need help? Don't hesitate to reach out to us via GitHub issues or on Slack:

  https://community.getdbt.com/

Happy modeling!

[0m13:53:20.991160 [info ] [MainThread]: Setting up your profile.
[0m13:53:23.761150 [debug] [MainThread]: Resource report: {"command_name": "init", "command_success": true, "command_wall_clock_time": 7.039134, "process_in_blocks": "0", "process_kernel_time": 0.123552, "process_mem_max_rss": "104251392", "process_out_blocks": "0", "process_user_time": 0.593847}
[0m13:53:23.762547 [debug] [MainThread]: Command `dbt init` succeeded at 13:53:23.762335 after 7.04 seconds
[0m13:53:23.763170 [debug] [MainThread]: Sending event: {'category': 'dbt', 'action': 'invocation', 'label': 'end', 'context': [<snowplow_tracker.self_describing_json.SelfDescribingJson object at 0x105defc70>, <snowplow_tracker.self_describing_json.SelfDescribingJson object at 0x10669f3a0>, <snowplow_tracker.self_describing_json.SelfDescribingJson object at 0x107ed7b50>]}
[0m13:53:23.763751 [debug] [MainThread]: Flushing usage events
[0m13:53:24.912929 [debug] [MainThread]: An error was encountered while trying to flush usage events
[0m13:59:27.573415 [debug] [MainThread]: Sending event: {'category': 'dbt', 'action': 'invocation', 'label': 'start', 'context': [<snowplow_tracker.self_describing_json.SelfDescribingJson object at 0x105e03ca0>, <snowplow_tracker.self_describing_json.SelfDescribingJson object at 0x1079d54b0>, <snowplow_tracker.self_describing_json.SelfDescribingJson object at 0x1079d55a0>]}


============================== 13:59:27.575524 | 4541ed19-c739-47f5-a709-33f0bed4aa4d ==============================
[0m13:59:27.575524 [info ] [MainThread]: Running with dbt=1.11.0-rc1
[0m13:59:27.575780 [debug] [MainThread]: running dbt with arguments {'log_format': 'default', 'invocation_command': 'dbt debug', 'profiles_dir': '/Users/admin/Code/business-operations-snowflake-platform/dbt', 'printer_width': '80', 'use_colors': 'True', 'use_experimental_parser': 'False', 'quiet': 'False', 'warn_error_options': 'WarnErrorOptionsV2(error=[], warn=[], silence=[])', 'partial_parse': 'True', 'introspect': 'True', 'version_check': 'True', 'no_print': 'None', 'warn_error': 'None', 'indirect_selection': 'eager', 'debug': 'False', 'fail_fast': 'False', 'static_parser': 'True', 'log_cache_events': 'False', 'log_path': 'logs', 'write_json': 'True', 'target_path': 'None', 'empty': 'None', 'send_anonymous_usage_stats': 'True', 'cache_selected_only': 'False'}
[0m13:59:27.583334 [info ] [MainThread]: dbt version: 1.11.0-rc1
[0m13:59:27.583505 [info ] [MainThread]: python version: 3.10.19
[0m13:59:27.583622 [info ] [MainThread]: python path: /opt/anaconda3/envs/snowflake-platform/bin/python3.10
[0m13:59:27.583735 [info ] [MainThread]: os info: macOS-15.5-arm64-arm-64bit
[0m13:59:27.586326 [error] [MainThread]: Encountered an error:
Parsing Error
  Env var required but not provided: 'SNOWFLAKE_USERNAME'
[0m13:59:27.588164 [debug] [MainThread]: Resource report: {"command_name": "debug", "command_success": false, "command_wall_clock_time": 0.04731546, "process_in_blocks": "0", "process_kernel_time": 0.086121, "process_mem_max_rss": "103956480", "process_out_blocks": "0", "process_user_time": 0.47399}
[0m13:59:27.588374 [debug] [MainThread]: Command `dbt debug` failed at 13:59:27.588335 after 0.05 seconds
[0m13:59:27.588524 [debug] [MainThread]: Sending event: {'category': 'dbt', 'action': 'invocation', 'label': 'end', 'context': [<snowplow_tracker.self_describing_json.SelfDescribingJson object at 0x105e03ca0>, <snowplow_tracker.self_describing_json.SelfDescribingJson object at 0x107a7c790>, <snowplow_tracker.self_describing_json.SelfDescribingJson object at 0x107a7e110>]}
[0m13:59:27.588669 [debug] [MainThread]: Flushing usage events
[0m13:59:28.712042 [debug] [MainThread]: An error was encountered while trying to flush usage events
[0m14:00:50.491980 [debug] [MainThread]: Sending event: {'category': 'dbt', 'action': 'invocation', 'label': 'start', 'context': [<snowplow_tracker.self_describing_json.SelfDescribingJson object at 0x1051dbd00>, <snowplow_tracker.self_describing_json.SelfDescribingJson object at 0x1067a1510>, <snowplow_tracker.self_describing_json.SelfDescribingJson object at 0x1067a1600>]}


============================== 14:00:50.494078 | bccc49ad-da41-4ae0-ac15-39de8ec6fd11 ==============================
[0m14:00:50.494078 [info ] [MainThread]: Running with dbt=1.11.0-rc1
[0m14:00:50.494321 [debug] [MainThread]: running dbt with arguments {'warn_error_options': 'WarnErrorOptionsV2(error=[], warn=[], silence=[])', 'log_path': 'logs', 'no_print': 'None', 'log_format': 'default', 'use_experimental_parser': 'False', 'warn_error': 'None', 'write_json': 'True', 'indirect_selection': 'eager', 'empty': 'None', 'partial_parse': 'True', 'profiles_dir': '/Users/admin/Code/business-operations-snowflake-platform/dbt', 'version_check': 'True', 'static_parser': 'True', 'printer_width': '80', 'send_anonymous_usage_stats': 'True', 'fail_fast': 'False', 'quiet': 'False', 'debug': 'False', 'cache_selected_only': 'False', 'invocation_command': 'dbt debug', 'use_colors': 'True', 'target_path': 'None', 'introspect': 'True', 'log_cache_events': 'False'}
[0m14:00:50.501463 [info ] [MainThread]: dbt version: 1.11.0-rc1
[0m14:00:50.501765 [info ] [MainThread]: python version: 3.10.19
[0m14:00:50.501904 [info ] [MainThread]: python path: /opt/anaconda3/envs/snowflake-platform/bin/python3.10
[0m14:00:50.502026 [info ] [MainThread]: os info: macOS-15.5-arm64-arm-64bit
[0m14:00:51.511910 [debug] [MainThread]: Snowflake adapter: Setting snowflake.connector to ERROR (file logging only)
[0m14:00:51.512783 [debug] [MainThread]: Snowflake adapter: Setting botocore to ERROR (file logging only)
[0m14:00:51.513164 [debug] [MainThread]: Snowflake adapter: Setting boto3 to ERROR (file logging only)
[0m14:00:51.554674 [info ] [MainThread]: Using profiles dir at /Users/admin/Code/business-operations-snowflake-platform/dbt
[0m14:00:51.554954 [info ] [MainThread]: Using profiles.yml file at /Users/admin/Code/business-operations-snowflake-platform/dbt/profiles.yml
[0m14:00:51.555115 [info ] [MainThread]: Using dbt_project.yml file at /Users/admin/Code/business-operations-snowflake-platform/dbt/dbt_project.yml
[0m14:00:51.555397 [info ] [MainThread]: adapter type: snowflake
[0m14:00:51.555545 [info ] [MainThread]: adapter version: 1.10.3
[0m14:00:51.555683 [info ] [MainThread]: Configuration:
[0m14:00:51.555835 [info ] [MainThread]:   profiles.yml file [[32mOK found and valid[0m]
[0m14:00:51.555963 [info ] [MainThread]:   dbt_project.yml file [[31mERROR not found[0m]
[0m14:00:51.556091 [info ] [MainThread]: Required dependencies:
[0m14:00:51.556246 [debug] [MainThread]: Executing "git --help"
[0m14:00:51.576360 [debug] [MainThread]: STDOUT: "b"usage: git [-v | --version] [-h | --help] [-C <path>] [-c <name>=<value>]\n           [--exec-path[=<path>]] [--html-path] [--man-path] [--info-path]\n           [-p | --paginate | -P | --no-pager] [--no-replace-objects] [--no-lazy-fetch]\n           [--no-optional-locks] [--no-advice] [--bare] [--git-dir=<path>]\n           [--work-tree=<path>] [--namespace=<name>] [--config-env=<name>=<envvar>]\n           <command> [<args>]\n\nThese are common Git commands used in various situations:\n\nstart a working area (see also: git help tutorial)\n   clone      Clone a repository into a new directory\n   init       Create an empty Git repository or reinitialize an existing one\n\nwork on the current change (see also: git help everyday)\n   add        Add file contents to the index\n   mv         Move or rename a file, a directory, or a symlink\n   restore    Restore working tree files\n   rm         Remove files from the working tree and from the index\n\nexamine the history and state (see also: git help revisions)\n   bisect     Use binary search to find the commit that introduced a bug\n   diff       Show changes between commits, commit and working tree, etc\n   grep       Print lines matching a pattern\n   log        Show commit logs\n   show       Show various types of objects\n   status     Show the working tree status\n\ngrow, mark and tweak your common history\n   backfill   Download missing objects in a partial clone\n   branch     List, create, or delete branches\n   commit     Record changes to the repository\n   merge      Join two or more development histories together\n   rebase     Reapply commits on top of another base tip\n   reset      Reset current HEAD to the specified state\n   switch     Switch branches\n   tag        Create, list, delete or verify a tag object signed with GPG\n\ncollaborate (see also: git help workflows)\n   fetch      Download objects and refs from another repository\n   pull       Fetch from and integrate with another repository or a local branch\n   push       Update remote refs along with associated objects\n\n'git help -a' and 'git help -g' list available subcommands and some\nconcept guides. See 'git help <command>' or 'git help <concept>'\nto read about a specific subcommand or concept.\nSee 'git help git' for an overview of the system.\n""
[0m14:00:51.576856 [debug] [MainThread]: STDERR: "b''"
[0m14:00:51.577040 [info ] [MainThread]:  - git [[32mOK found[0m]

[0m14:00:51.577202 [info ] [MainThread]: Connection:
[0m14:00:51.577363 [info ] [MainThread]:   account: WWYOANN-WV28932
[0m14:00:51.577488 [info ] [MainThread]:   user: marlonmoreira
[0m14:00:51.577602 [info ] [MainThread]:   database: business_operations
[0m14:00:51.577716 [info ] [MainThread]:   warehouse: xsmall_wh
[0m14:00:51.577828 [info ] [MainThread]:   role: accountadmin
[0m14:00:51.577937 [info ] [MainThread]:   schema: dev
[0m14:00:51.578052 [info ] [MainThread]:   authenticator: None
[0m14:00:51.578160 [info ] [MainThread]:   oauth_client_id: None
[0m14:00:51.578266 [info ] [MainThread]:   query_tag: None
[0m14:00:51.578377 [info ] [MainThread]:   client_session_keep_alive: False
[0m14:00:51.578486 [info ] [MainThread]:   host: None
[0m14:00:51.578596 [info ] [MainThread]:   port: None
[0m14:00:51.578702 [info ] [MainThread]:   proxy_host: None
[0m14:00:51.578809 [info ] [MainThread]:   proxy_port: None
[0m14:00:51.578916 [info ] [MainThread]:   protocol: None
[0m14:00:51.579023 [info ] [MainThread]:   connect_retries: 1
[0m14:00:51.579127 [info ] [MainThread]:   connect_timeout: None
[0m14:00:51.579234 [info ] [MainThread]:   retry_on_database_errors: False
[0m14:00:51.579342 [info ] [MainThread]:   retry_all: False
[0m14:00:51.579458 [info ] [MainThread]:   insecure_mode: False
[0m14:00:51.579564 [info ] [MainThread]:   reuse_connections: True
[0m14:00:51.579670 [info ] [MainThread]:   s3_stage_vpce_dns_name: None
[0m14:00:51.579780 [info ] [MainThread]:   platform_detection_timeout_seconds: 0.0
[0m14:00:51.580079 [info ] [MainThread]: Registered adapter: snowflake=1.10.3
[0m14:00:51.918668 [debug] [MainThread]: Acquiring new snowflake connection 'debug'
[0m14:00:51.951975 [debug] [MainThread]: Using snowflake connection "debug"
[0m14:00:51.952165 [debug] [MainThread]: On debug: select 1 as id
[0m14:00:51.952276 [debug] [MainThread]: Opening a new connection, currently in state init
[0m14:00:52.618077 [debug] [MainThread]: SQL status: SUCCESS 1 in 0.666 seconds
[0m14:00:52.620825 [info ] [MainThread]:   Connection test: [[32mOK connection ok[0m]

[0m14:00:52.621342 [info ] [MainThread]: [31m1 check failed:[0m
[0m14:00:52.621668 [info ] [MainThread]: Project loading failed for the following reason:
 project path </Users/admin/Code/business-operations-snowflake-platform/dbt/dbt_project.yml> not found

[0m14:00:52.626290 [debug] [MainThread]: Resource report: {"command_name": "debug", "command_success": false, "command_wall_clock_time": 2.1682298, "process_in_blocks": "0", "process_kernel_time": 0.183576, "process_mem_max_rss": "142262272", "process_out_blocks": "0", "process_user_time": 0.819467}
[0m14:00:52.627232 [debug] [MainThread]: Command `dbt debug` failed at 14:00:52.627036 after 2.17 seconds
[0m14:00:52.627814 [debug] [MainThread]: Connection 'debug' was left open.
[0m14:00:52.628153 [debug] [MainThread]: On debug: Close
[0m14:00:52.748603 [debug] [MainThread]: Sending event: {'category': 'dbt', 'action': 'invocation', 'label': 'end', 'context': [<snowplow_tracker.self_describing_json.SelfDescribingJson object at 0x1051dbd00>, <snowplow_tracker.self_describing_json.SelfDescribingJson object at 0x1091d9c30>, <snowplow_tracker.self_describing_json.SelfDescribingJson object at 0x1091d8880>]}
[0m14:00:52.749799 [debug] [MainThread]: Flushing usage events
[0m14:00:53.808172 [debug] [MainThread]: An error was encountered while trying to flush usage events
